# JRE version: OpenJDK Runtime Environment Corretto-17.0.15.6.1 (17.0.15+6) (build 17.0.15+6-LTS)
# Java VM: OpenJDK 64-Bit Server VM Corretto-17.0.15.6.1 (17.0.15+6-LTS, mixed mode, emulated-client, sharing, tiered, compressed oops, compressed class ptrs, g1 gc, bsd-aarch64)
GC Precious Log:
 CPUs: 8 total, 8 available
 Memory: 8192M
 Large Page Support: Disabled
 NUMA Support: Disabled
 Compressed Oops: Enabled (Zero based)
 Heap Region Size: 1M
 Heap Min Capacity: 8M
 Heap Initial Capacity: 128M
 Heap Max Capacity: 2G
 Pre-touch: Disabled
 Parallel Workers: 8
 Concurrent Workers: 2
 Concurrent Refinement Workers: 8
 Periodic GC: Disabled
Heap:
 garbage-first heap   total 52224K, used 27291K [0x0000000780000000, 0x0000000800000000)
  region size 1024K, 16 young (16384K), 3 survivors (3072K)
 Metaspace       used 33387K, committed 33792K, reserved 1114112K
  class space    used 4645K, committed 4864K, reserved 1048576K
GC Heap History (10 events):
Event: 0.176 GC heap before
{Heap before GC invocations=0 (full 0):
 garbage-first heap   total 133120K, used 23456K [0x0000000780000000, 0x0000000800000000)
  region size 1024K, 23 young (23552K), 0 survivors (0K)
 Metaspace       used 5220K, committed 5440K, reserved 1114112K
  class space    used 731K, committed 832K, reserved 1048576K
}
Event: 0.177 GC heap after
{Heap after GC invocations=1 (full 0):
 garbage-first heap   total 133120K, used 5364K [0x0000000780000000, 0x0000000800000000)
  region size 1024K, 3 young (3072K), 3 survivors (3072K)
 Metaspace       used 5220K, committed 5440K, reserved 1114112K
  class space    used 731K, committed 832K, reserved 1048576K
}
Event: 0.287 GC heap before
{Heap before GC invocations=1 (full 0):
 garbage-first heap   total 133120K, used 37108K [0x0000000780000000, 0x0000000800000000)
  region size 1024K, 34 young (34816K), 3 survivors (3072K)
 Metaspace       used 11603K, committed 11840K, reserved 1114112K
  class space    used 1791K, committed 1920K, reserved 1048576K
}
Event: 0.289 GC heap after
{Heap after GC invocations=2 (full 0):
 garbage-first heap   total 133120K, used 7549K [0x0000000780000000, 0x0000000800000000)
  region size 1024K, 2 young (2048K), 2 survivors (2048K)
 Metaspace       used 11603K, committed 11840K, reserved 1114112K
  class space    used 1791K, committed 1920K, reserved 1048576K
}
Event: 0.480 GC heap before
{Heap before GC invocations=2 (full 0):
 garbage-first heap   total 133120K, used 66941K [0x0000000780000000, 0x0000000800000000)
  region size 1024K, 61 young (62464K), 2 survivors (2048K)
 Metaspace       used 21246K, committed 21504K, reserved 1114112K
  class space    used 3033K, committed 3200K, reserved 1048576K
}
Event: 0.482 GC heap after
{Heap after GC invocations=3 (full 0):
 garbage-first heap   total 133120K, used 11880K [0x0000000780000000, 0x0000000800000000)
  region size 1024K, 7 young (7168K), 7 survivors (7168K)
 Metaspace       used 21246K, committed 21504K, reserved 1114112K
  class space    used 3033K, committed 3200K, reserved 1048576K
}
Event: 0.620 GC heap before
{Heap before GC invocations=4 (full 0):
 garbage-first heap   total 51200K, used 38504K [0x0000000780000000, 0x0000000800000000)
  region size 1024K, 34 young (34816K), 7 survivors (7168K)
 Metaspace       used 25974K, committed 26368K, reserved 1114112K
  class space    used 3718K, committed 3904K, reserved 1048576K
}
Event: 0.623 GC heap after
{Heap after GC invocations=5 (full 0):
 garbage-first heap   total 52224K, used 14814K [0x0000000780000000, 0x0000000800000000)
  region size 1024K, 8 young (8192K), 8 survivors (8192K)
 Metaspace       used 25974K, committed 26368K, reserved 1114112K
  class space    used 3718K, committed 3904K, reserved 1048576K
}
Event: 12.608 GC heap before
{Heap before GC invocations=5 (full 0):
 garbage-first heap   total 52224K, used 35294K [0x0000000780000000, 0x0000000800000000)
  region size 1024K, 28 young (28672K), 8 survivors (8192K)
 Metaspace       used 29601K, committed 30016K, reserved 1114112K
  class space    used 4227K, committed 4416K, reserved 1048576K
}
Event: 12.623 GC heap after
{Heap after GC invocations=6 (full 0):
 garbage-first heap   total 52224K, used 16027K [0x0000000780000000, 0x0000000800000000)
  region size 1024K, 3 young (3072K), 3 survivors (3072K)
 Metaspace       used 29601K, committed 30016K, reserved 1114112K
  class space    used 4227K, committed 4416K, reserved 1048576K
}

