# JRE version: OpenJDK Runtime Environment Corretto-17.0.15.6.1 (17.0.15+6) (build 17.0.15+6-LTS)
# Java VM: OpenJDK 64-Bit Server VM Corretto-17.0.15.6.1 (17.0.15+6-LTS, mixed mode, emulated-client, sharing, tiered, compressed oops, compressed class ptrs, g1 gc, bsd-aarch64)
GC Precious Log:
 CPUs: 8 total, 8 available
 Memory: 8192M
 Large Page Support: Disabled
 NUMA Support: Disabled
 Compressed Oops: Enabled (Zero based)
 Heap Region Size: 1M
 Heap Min Capacity: 8M
 Heap Initial Capacity: 128M
 Heap Max Capacity: 2G
 Pre-touch: Disabled
 Parallel Workers: 8
 Concurrent Workers: 2
 Concurrent Refinement Workers: 8
 Periodic GC: Disabled
Heap:
 garbage-first heap   total 100352K, used 28257K [0x0000000780000000, 0x0000000800000000)
  region size 1024K, 16 young (16384K), 2 survivors (2048K)
 Metaspace       used 33389K, committed 33792K, reserved 1114112K
  class space    used 4646K, committed 4864K, reserved 1048576K
GC Heap History (12 events):
Event: 0.149 GC heap before
{Heap before GC invocations=0 (full 0):
 garbage-first heap   total 133120K, used 23456K [0x0000000780000000, 0x0000000800000000)
  region size 1024K, 23 young (23552K), 0 survivors (0K)
 Metaspace       used 5220K, committed 5440K, reserved 1114112K
  class space    used 731K, committed 832K, reserved 1048576K
}
Event: 0.150 GC heap after
{Heap after GC invocations=1 (full 0):
 garbage-first heap   total 133120K, used 5287K [0x0000000780000000, 0x0000000800000000)
  region size 1024K, 3 young (3072K), 3 survivors (3072K)
 Metaspace       used 5220K, committed 5440K, reserved 1114112K
  class space    used 731K, committed 832K, reserved 1048576K
}
Event: 0.244 GC heap before
{Heap before GC invocations=1 (full 0):
 garbage-first heap   total 133120K, used 37031K [0x0000000780000000, 0x0000000800000000)
  region size 1024K, 34 young (34816K), 3 survivors (3072K)
 Metaspace       used 11574K, committed 11840K, reserved 1114112K
  class space    used 1787K, committed 1920K, reserved 1048576K
}
Event: 0.245 GC heap after
{Heap after GC invocations=2 (full 0):
 garbage-first heap   total 133120K, used 7307K [0x0000000780000000, 0x0000000800000000)
  region size 1024K, 2 young (2048K), 2 survivors (2048K)
 Metaspace       used 11574K, committed 11840K, reserved 1114112K
  class space    used 1787K, committed 1920K, reserved 1048576K
}
Event: 0.416 GC heap before
{Heap before GC invocations=2 (full 0):
 garbage-first heap   total 133120K, used 65675K [0x0000000780000000, 0x0000000800000000)
  region size 1024K, 61 young (62464K), 2 survivors (2048K)
 Metaspace       used 21243K, committed 21504K, reserved 1114112K
  class space    used 3035K, committed 3200K, reserved 1048576K
}
Event: 0.418 GC heap after
{Heap after GC invocations=3 (full 0):
 garbage-first heap   total 133120K, used 11770K [0x0000000780000000, 0x0000000800000000)
  region size 1024K, 7 young (7168K), 7 survivors (7168K)
 Metaspace       used 21243K, committed 21504K, reserved 1114112K
  class space    used 3035K, committed 3200K, reserved 1048576K
}
Event: 0.542 GC heap before
{Heap before GC invocations=4 (full 0):
 garbage-first heap   total 51200K, used 38394K [0x0000000780000000, 0x0000000800000000)
  region size 1024K, 34 young (34816K), 7 survivors (7168K)
 Metaspace       used 25974K, committed 26368K, reserved 1114112K
  class space    used 3718K, committed 3904K, reserved 1048576K
}
Event: 0.545 GC heap after
{Heap after GC invocations=5 (full 0):
 garbage-first heap   total 52224K, used 14615K [0x0000000780000000, 0x0000000800000000)
  region size 1024K, 8 young (8192K), 8 survivors (8192K)
 Metaspace       used 25974K, committed 26368K, reserved 1114112K
  class space    used 3718K, committed 3904K, reserved 1048576K
}
Event: 0.550 GC heap before
{Heap before GC invocations=5 (full 0):
 garbage-first heap   total 52224K, used 15639K [0x0000000780000000, 0x0000000800000000)
  region size 1024K, 9 young (9216K), 8 survivors (8192K)
 Metaspace       used 26233K, committed 26560K, reserved 1114112K
  class space    used 3751K, committed 3904K, reserved 1048576K
}
Event: 0.551 GC heap after
{Heap after GC invocations=6 (full 0):
 garbage-first heap   total 52224K, used 15230K [0x0000000780000000, 0x0000000800000000)
  region size 1024K, 2 young (2048K), 2 survivors (2048K)
 Metaspace       used 26233K, committed 26560K, reserved 1114112K
  class space    used 3751K, committed 3904K, reserved 1048576K
}
Event: 29.925 GC heap before
{Heap before GC invocations=6 (full 0):
 garbage-first heap   total 52224K, used 35710K [0x0000000780000000, 0x0000000800000000)
  region size 1024K, 22 young (22528K), 2 survivors (2048K)
 Metaspace       used 29647K, committed 30016K, reserved 1114112K
  class space    used 4236K, committed 4416K, reserved 1048576K
}
Event: 29.935 GC heap after
{Heap after GC invocations=7 (full 0):
 garbage-first heap   total 100352K, used 15969K [0x0000000780000000, 0x0000000800000000)
  region size 1024K, 2 young (2048K), 2 survivors (2048K)
 Metaspace       used 29647K, committed 30016K, reserved 1114112K
  class space    used 4236K, committed 4416K, reserved 1048576K
}

